<?xml version="1.0" encoding="UTF-8"?>
<!-- Generated by org.testng.reporters.JUnitReportReporter -->
<testsuite hostname="LAPTOP-M2DO8JV9" failures="0" tests="1" name="glue.mobileapp.testcases.LoginTest" time="9.018" errors="0" timestamp="2024-07-25T20:04:35 IST" skipped="0">
  <testcase classname="glue.mobileapp.testcases.LoginTest" name="runAppium" time="9.018"/>
  <system-out/>
</testsuite> <!-- glue.mobileapp.testcases.LoginTest -->
